Microsoft HTML Help Compiler 4.74.8702

Compiling d:\Work\加旅科技\cai.CHM

1.html
2.html
3.html
3d小球.html
angularJs学习.html
before和after.html
bootstrap加载模态窗体.html
bootstrap响应式导航\hamburger.gif
bootstrap响应式导航\hamburger-retina.gif
bootstrap响应式导航\index.html
bootstrap响应式导航\responsive-nav.css
bootstrap响应式导航\responsive-nav.js
bootstrap响应式导航\responsive-nav.min.js
bootstrap响应式导航\styles.css
canvas学习中\canvas刚开始.html
canvas学习中\canvas七巧板.html
canvas学习中\canvas绚丽时钟倒计时.html
canvas学习中\js\countdown.js
canvas学习中\js\digit.js
ceshi.html
css\animate.css
css\autocomplete.css
css\bootstrap.min.css
css\bootstrap3.0.3.css
css\css.css
css\default.css
css\Global.css
css\images\ui-icons_444444_256x240.png
css\images\ui-icons_555555_256x240.png
css\images\ui-icons_777620_256x240.png
css\images\ui-icons_777777_256x240.png
css\images\ui-icons_cc0000_256x240.png
css\images\ui-icons_ffffff_256x240.png
css\jquery-ui.css
css\jquery-ui.min.css
css\style.css
css3不断翻转.html
css3不断旋转.html
css来回移动.html
ie兼容css3.html
images\1.png
images\bac1.jpg
images\bac2.jpg
images\bac3.jpg
images\clouds.png
images\pic_01.png
images\pic_02.png
images\pic_03.png
images\pic_04.png
images\pic_05.png
images\pic_06.png
images\stars.png
images\twinkling.png
img\1.jpg
img\11.jpg
img\2.jpg
img\3.png
img\bg.jpg
img\ico.png
img\loading.gif
img\logo.png
img\smallBg.jpg
img\盾.png
img\剑.png
img\剑1.png
index.html
ios滚动条\browser.html
ios滚动条\iframe\lgpl-3.0-standalone.html
ios滚动条\index.html
ios滚动条\js\jquery.license.txt
ios滚动条\js\jquery.min.js
ios滚动条\js\jquery.nicescroll.min.js
ios滚动条\js\zoomico.png
ios滚动条\说明.htm
ios滚动条\说明.txt
js\autocomplete.js
js\bootstrap.js
js\bootstrap.min.js
js\bootstrap3.0.3.js
js\common.js
js\JQFn.js
js\jquery.bgswitcher.js
js\jquery.interactive_bg.js
js\jquery.mousewheel.js
js\jquery.sliphover.min.js
js\jquery-1.11.1.min.js
js\jquery-1.11.3.min.js
js\jquery-1.7.2.min.js
js\jquery-1-7-2-min.js
js\jQuery2.0.0.js
js\jquery-2.1.1.min.js
js\jquery-ui.min.js
js\jsAddress.js
js\jsYMD.js
js\less.js
js\scroll.js
Js点击事件.html
js自调用.html
li.html
lightbox\jquery.lightbox.min.js
lightbox\themes\default\images\a.txt
lightbox\themes\default\images\jquery-lightbox-theme.png
lightbox\themes\default\images\loading.gif
lightbox\themes\default\jquery.lightbox.css
lightbox\themes\default\jquery.lightbox.ie6.css
meitu.html
QQ授权登录.html
svg测试.html
svg学习中\css\1.css
svg学习中\css\2.css
svg学习中\css\3.css
svg学习中\css\4.css
svg学习中\js\1.js
svg学习中\js\2.js
svg学习中\js\3.js
svg学习中\js\4.js
svg学习中\js\5.js
svg学习中\js\6.js
svg学习中\js\7.js
svg学习中\js\8.js
svg学习中\js\9.js
svg学习中\js\91.js
svg学习中\js\92.js
svg学习中\js\93.js
svg学习中\js\94.js
svg学习中\svgEdit.html
svg学习中\svgStudy.html
svg学习中\svg刚开始.html
svg学习中\svg自定义属性替换.html
test1.html
xuanzhuan.html
百度图片遮罩.html
百度新闻导航背景滑动.html
背景星星闪烁.html
背景颜色不断变化加过渡.html
边框动画.html
测试验证表单.html
插件开发.html
电商页面.html
盾牌加飞剑.html
复制 css3不断旋转.html
各种基本图形.html
购物车动画效果.html
谷歌浏览器滚动条变细.html
滚轮滚动切换页面.html
滚轮滚动一屏切换页面.html
火狐画虚线圆.html
将jq函数封装和jq函数同级别调用.html
奖金调整.html
可拖动模态窗体.html
克隆剪切.html
浏览器搜索提示关键字.html
模拟模态窗体.html
判断浏览器版本号.html
平移轮播.html
扑克翻牌效果.html
清除左浮动.html
三级联动js版.html
三角形.html
时间倒计时.html
事件委托.html
视差滚动.html
手机端滑动登陆.html
属性获值.html
鼠标滑动登陆.html
鼠标移动背景微动.html
鼠标移动后文字飞来飞去.html
鼠标移上出现遮罩.html
鼠标移上图片放大遮罩效果.html
数组去重.html
随机生成数字变化滚球.html
随机生成验证码.html
淘宝样式初始化.html
调用自定义插件的附加属性.html
图片实现前loading.html
图片转64为字符串.html
网页中弹出另一网页.html
微信授权登录.html
无缝轮播.html
下拉框.html
小球依次滚出来.html
新浪授权登录.html
选择标签的文本.html
正在开奖文字闪烁.html
左键长按事件.html
TOC-Created-By-Easy-CHM.HHC
Index-Created-By-Easy-CHM.HHK
C:\Users\ADMINI~1\AppData\Local\Temp\Easy-CHM-HtmlHelp-Maker.HTML
c:\Users\ADMINI~1\AppData\Local\Temp\Easy-CHM-HtmlHelp-Maker.GIF
HHC5013: Error: URL reference in the TOC cannot be resolved: "Easy-CHM-HtmlHelp-Maker.HTML".
HHC5013: Error: URL reference in the TOC cannot be resolved: "Easy-CHM-HtmlHelp-Maker.HTML".


The following files were not compiled:
